#
# There is insufficient memory for the Java Runtime Environment to continue.
# Native memory allocation (malloc) failed to allocate 1048576 bytes for AllocateHeap
# Possible reasons:
#   The system is out of physical RAM or swap space
#   In 32 bit mode, the process size limit was hit
# Possible solutions:
#   Reduce memory load on the system
#   Increase physical memory or swap space
#   Check if swap backing store is full
#   Use 64 bit Java on a 64 bit OS
#   Decrease Java heap size (-Xmx/-Xms)
#   Decrease number of Java threads
#   Decrease Java thread stack sizes (-Xss)
#   Set larger code cache with -XX:ReservedCodeCacheSize=
# This output file may be truncated or incomplete.
#
#  Out of Memory Error (memory/allocation.inline.hpp:61), pid=3112, tid=2128
#
# JRE version:  (7.0_51-b13) (build )
# Java VM: Java HotSpot(TM) 64-Bit Server VM (24.51-b03 mixed mode windows-amd64 compressed oops)
# Failed to write core dump. Minidumps are not enabled by default on client versions of Windows
#

---------------  T H R E A D  ---------------

Current thread (0x0000000002800800):  JavaThread "Unknown thread" [_thread_in_vm, id=2128, stack(0x00000000026c0000,0x00000000027c0000)]

Stack: [0x00000000026c0000,0x00000000027c0000]

---------------  P R O C E S S  ---------------

Java Threads: ( => current thread )

Other Threads:

=>0x0000000002800800 (exited) JavaThread "Unknown thread" [_thread_in_vm, id=2128, stack(0x00000000026c0000,0x00000000027c0000)]

VM state:not at safepoint (normal execution)

VM Mutex/Monitor currently owned by a thread: None

Heap
 PSYoungGen      total 28672K, used 501K [0x00000000e0880000, 0x00000000e2800000, 0x0000000100000000)
  eden space 25088K, 2% used [0x00000000e0880000,0x00000000e08fd778,0x00000000e2100000)
  from space 3584K, 0% used [0x00000000e2480000,0x00000000e2480000,0x00000000e2800000)
  to   space 3584K, 0% used [0x00000000e2100000,0x00000000e2100000,0x00000000e2480000)
 ParOldGen       total 64000K, used 0K [0x00000000a1a00000, 0x00000000a5880000, 0x00000000e0880000)
  object space 64000K, 0% used [0x00000000a1a00000,0x00000000a1a00000,0x00000000a5880000)
 PSPermGen       total 21504K, used 656K [0x000000009c800000, 0x000000009dd00000, 0x00000000a1a00000)
  object space 21504K, 3% used [0x000000009c800000,0x000000009c8a41e8,0x000000009dd00000)

Card table byte_map: [0x0000000005a50000,0x0000000005d70000] byte_map_base: 0x000000000556c000

Polling page: 0x00000000027c0000

Code Cache  [0x0000000002990000, 0x0000000002c00000, 0x0000000005990000)
 total_blobs=38 nmethods=0 adapters=20 free_code_cache=48889Kb largest_free_block=50062528

Compilation events (0 events):
No events

GC Heap History (0 events):
No events

Deoptimization events (0 events):
No events

Internal exceptions (0 events):
No events

Events (10 events):
Event: 0.090 loading class 0x000000000284ee30
Event: 0.090 loading class 0x000000000284ee30 done
Event: 0.090 loading class 0x000000000284ee80
Event: 0.090 loading class 0x000000000284ee80 done
Event: 0.090 loading class 0x000000000284eed0
Event: 0.091 loading class 0x000000000284eed0 done
Event: 0.091 loading class 0x000000000284fc30
Event: 0.091 loading class 0x000000000284fc30 done
Event: 0.091 loading class 0x000000000284f850
Event: 0.091 loading class 0x000000000284f850 done


Dynamic libraries:
0x00007ff775980000 - 0x00007ff7759b3000 	C:\Program Files\Java\jre7\bin\java.exe
0x00007ffaba6b0000 - 0x00007ffaba85a000 	C:\WINDOWS\SYSTEM32\ntdll.dll
0x00007ffab80d0000 - 0x00007ffab820a000 	C:\WINDOWS\system32\KERNEL32.DLL
0x00007ffab7d80000 - 0x00007ffab7e8f000 	C:\WINDOWS\system32\KERNELBASE.dll
0x00007ffab6610000 - 0x00007ffab6698000 	C:\WINDOWS\system32\apphelp.dll
0x00007ffaaf4c0000 - 0x00007ffaaf50f000 	C:\WINDOWS\AppPatch\AppPatch64\AcGenral.DLL
0x00007ffab82e0000 - 0x00007ffab8387000 	C:\WINDOWS\system32\msvcrt.dll
0x00007ffab77c0000 - 0x00007ffab77eb000 	C:\WINDOWS\SYSTEM32\SspiCli.dll
0x00007ffaba210000 - 0x00007ffaba261000 	C:\WINDOWS\system32\SHLWAPI.dll
0x00007ffab89b0000 - 0x00007ffab8b21000 	C:\WINDOWS\system32\USER32.dll
0x00007ffab8830000 - 0x00007ffab89a8000 	C:\WINDOWS\system32\ole32.dll
0x00007ffab8d40000 - 0x00007ffaba160000 	C:\WINDOWS\system32\SHELL32.dll
0x00007ffab6fc0000 - 0x00007ffab6fde000 	C:\WINDOWS\SYSTEM32\USERENV.dll
0x00007ffaba5a0000 - 0x00007ffaba645000 	C:\WINDOWS\system32\ADVAPI32.dll
0x00007ffaac660000 - 0x00007ffaac67b000 	C:\WINDOWS\SYSTEM32\MPR.dll
0x00007ffaba2b0000 - 0x00007ffaba3e6000 	C:\WINDOWS\system32\RPCRT4.dll
0x00007ffab8400000 - 0x00007ffab8457000 	C:\WINDOWS\SYSTEM32\sechost.dll
0x00007ffab85a0000 - 0x00007ffab8776000 	C:\WINDOWS\SYSTEM32\combase.dll
0x00007ffaba3f0000 - 0x00007ffaba534000 	C:\WINDOWS\system32\GDI32.dll
0x00007ffab7a20000 - 0x00007ffab7a34000 	C:\WINDOWS\SYSTEM32\profapi.dll
0x00007ffab6090000 - 0x00007ffab612f000 	C:\WINDOWS\SYSTEM32\SHCORE.dll
0x00007ffaba270000 - 0x00007ffaba2a4000 	C:\WINDOWS\system32\IMM32.DLL
0x00007ffab8460000 - 0x00007ffab8599000 	C:\WINDOWS\system32\MSCTF.dll
0x00007ffab79e0000 - 0x00007ffab7a0f000 	C:\WINDOWS\system32\nvinitx.dll
0x00007ffab5c60000 - 0x00007ffab5eba000 	C:\WINDOWS\WinSxS\amd64_microsoft.windows.common-controls_6595b64144ccf1df_6.0.9600.17031_none_6242a4b3ecbb55a1\COMCTL32.dll
0x0000000057360000 - 0x0000000057432000 	C:\Program Files\Java\jre7\bin\msvcr100.dll
0x00000000567f0000 - 0x0000000056fb9000 	C:\Program Files\Java\jre7\bin\server\jvm.dll
0x00007ffaaf970000 - 0x00007ffaaf979000 	C:\WINDOWS\SYSTEM32\WSOCK32.dll
0x00007ffab5090000 - 0x00007ffab50af000 	C:\WINDOWS\SYSTEM32\WINMM.dll
0x00007ffab83f0000 - 0x00007ffab83f7000 	C:\WINDOWS\system32\PSAPI.DLL
0x00007ffaba540000 - 0x00007ffaba598000 	C:\WINDOWS\system32\WS2_32.dll
0x00007ffab5050000 - 0x00007ffab507a000 	C:\WINDOWS\SYSTEM32\WINMMBASE.dll
0x00007ffaba160000 - 0x00007ffaba169000 	C:\WINDOWS\system32\NSI.dll
0x00007ffab7e90000 - 0x00007ffab7eda000 	C:\WINDOWS\SYSTEM32\cfgmgr32.dll
0x00007ffab68a0000 - 0x00007ffab68c6000 	C:\WINDOWS\SYSTEM32\DEVOBJ.dll
0x00000000572e0000 - 0x00000000572ef000 	C:\Program Files\Java\jre7\bin\verify.dll
0x00000000572b0000 - 0x00000000572d8000 	C:\Program Files\Java\jre7\bin\java.dll
0x0000000057290000 - 0x00000000572a5000 	C:\Program Files\Java\jre7\bin\zip.dll

VM Arguments:
java_command: <unknown>
Launcher Type: SUN_STANDARD

Environment Variables:
CLASSPATH=./;D:\Apps\sqldeveloper\jdbc\lib\ojdbc6.jar;
PATH=C:\WINDOWS\system32;C:\WINDOWS;C:\WINDOWS\System32\Wbem;C:\WINDOWS\System32\WindowsPowerShell\v1.0\;C:\Program Files (x86)\PharosSystems\Core;C:\Program Files (x86)\QuickTime\QTSystem\;C:\Program Files\Java\jdk1.7.0_51\bin;D:\Apps\Heroku\bin;C:\Program Files (x86)\git\cmd;D:\Apps\Vagrant\bin;D:\Apps\Android SDK\platform-tools;.;;.;;.;
USERNAME=Amitav
OS=Windows_NT
PROCESSOR_IDENTIFIER=Intel64 Family 6 Model 42 Stepping 7, GenuineIntel



---------------  S Y S T E M  ---------------

OS: Windows 8 , 64 bit Build 9200 

CPU:total 8 (4 cores per cpu, 2 threads per core) family 6 model 42 stepping 7, cmov, cx8, fxsr, mmx, sse, sse2, sse3, ssse3, sse4.1, sse4.2, popcnt, avx, aes, ht, tsc, tscinvbit

Memory: 4k page, physical 6183080k(1089624k free), swap 9328808k(10292k free)

vm_info: Java HotSpot(TM) 64-Bit Server VM (24.51-b03) for windows-amd64 JRE (1.7.0_51-b13), built on Dec 18 2013 18:40:56 by "java_re" with unknown MS VC++:1600

time: Sat Aug 09 15:58:38 2014
elapsed time: 0 seconds

